<?xml version="1.0" encoding="UTF-8"?>
<!-- Generated by org.testng.reporters.JUnitReportReporter -->
<testsuite hostname="NSL-6557" failures="0" tests="14" name="base.TestScript" time="23.078" errors="0" timestamp="2022-08-02T11:50:37 IST" skipped="7">
  <testcase classname="base.TestScript" name="prerequisite" time="14.259"/>
  <system-out/>
  <testcase classname="base.TestScript" name="TC_001" time="6.062"/>
  <system-out/>
  <testcase classname="base.TestScript" name="TC_002" time="1.394"/>
  <system-out/>
  <testcase classname="base.TestScript" name="TC_003" time="0.220"/>
  <system-out/>
  <testcase classname="base.TestScript" name="TC_004" time="0.065"/>
  <system-out/>
  <testcase classname="base.TestScript" name="TC_005" time="0.104"/>
  <system-out/>
  <testcase classname="base.TestScript" name="TC_006" time="0.974"/>
  <system-out/>
  <testcase classname="base.TestScript" name="TC_009">
    <skipped/>
  </testcase> <!-- TC_009 -->
  <system-out/>
  <testcase classname="base.TestScript" name="TC_008">
    <skipped/>
  </testcase> <!-- TC_008 -->
  <system-out/>
  <testcase classname="base.TestScript" name="TC_0010">
    <skipped/>
  </testcase> <!-- TC_0010 -->
  <system-out/>
  <testcase classname="base.TestScript" name="TC_0013">
    <skipped/>
  </testcase> <!-- TC_0013 -->
  <system-out/>
  <testcase classname="base.TestScript" name="TC_0011">
    <skipped/>
  </testcase> <!-- TC_0011 -->
  <system-out/>
  <testcase classname="base.TestScript" name="TC_0012">
    <skipped/>
  </testcase> <!-- TC_0012 -->
  <system-out/>
  <testcase classname="base.TestScript" name="TC_007">
    <skipped/>
  </testcase> <!-- TC_007 -->
  <system-out/>
</testsuite> <!-- base.TestScript -->
